<?xml version='1.0' encoding='UTF-8' standalone='yes' ?>
<hierarchy index="0" class="hierarchy" rotation="0" width="1080" height="2132">
  <android.widget.FrameLayout index="0" package="com.ganji.android.haoche_c" class="android.widget.FrameLayout" text="" checkable="false" checked="false" clickable="false" enabled="true" focusable="false" focused="false" long-clickable="false" password="false" scrollable="false" selected="false" bounds="[0,78][1080,2132]" displayed="true">
    <android.widget.FrameLayout index="0" package="com.ganji.android.haoche_c" class="android.widget.FrameLayout" text="" checkable="false" checked="false" clickable="false" enabled="true" focusable="false" focused="false" long-clickable="false" password="false" scrollable="false" selected="false" bounds="[0,78][1080,2132]" displayed="true">
      <android.widget.RelativeLayout index="0" package="com.ganji.android.haoche_c" class="android.widget.RelativeLayout" text="" checkable="false" checked="false" clickable="false" enabled="true" focusable="false" focused="false" long-clickable="false" password="false" scrollable="false" selected="false" bounds="[0,78][1080,2132]" displayed="true">
        <android.widget.FrameLayout index="0" package="com.ganji.android.haoche_c" class="android.widget.FrameLayout" text="" resource-id="com.ganji.android.haoche_c:id/title_bar" checkable="false" checked="false" clickable="false" enabled="true" focusable="false" focused="false" long-clickable="false" password="false" scrollable="false" selected="false" bounds="[0,78][1080,210]" displayed="true">
          <android.view.ViewGroup index="0" package="com.ganji.android.haoche_c" class="android.view.ViewGroup" text="" checkable="false" checked="false" clickable="false" enabled="true" focusable="false" focused="false" long-clickable="false" password="false" scrollable="false" selected="false" bounds="[0,78][1080,199]" displayed="true">
            <android.widget.ImageView index="0" package="com.ganji.android.haoche_c" class="android.widget.ImageView" text="" resource-id="com.ganji.android.haoche_c:id/back" checkable="false" checked="false" clickable="true" enabled="true" focusable="true" focused="false" long-clickable="false" password="false" scrollable="false" selected="false" bounds="[0,78][121,199]" displayed="true" />
            <android.widget.TextView index="1" package="com.ganji.android.haoche_c" class="android.widget.TextView" text="选择品牌" resource-id="com.ganji.android.haoche_c:id/title" checkable="false" checked="false" clickable="false" enabled="true" focusable="false" focused="false" long-clickable="false" password="false" scrollable="false" selected="false" bounds="[452,78][628,199]" displayed="true" />
          </android.view.ViewGroup>
          <android.view.View index="1" package="com.ganji.android.haoche_c" class="android.view.View" text="" resource-id="com.ganji.android.haoche_c:id/shadow" checkable="false" checked="false" clickable="false" enabled="true" focusable="false" focused="false" long-clickable="false" password="false" scrollable="false" selected="false" bounds="[0,199][1080,210]" displayed="true" />
        </android.widget.FrameLayout>
        <android.widget.FrameLayout index="1" package="com.ganji.android.haoche_c" class="android.widget.FrameLayout" text="" resource-id="com.ganji.android.haoche_c:id/list_brand" checkable="false" checked="false" clickable="false" enabled="true" focusable="false" focused="false" long-clickable="false" password="false" scrollable="false" selected="false" bounds="[0,210][1080,2132]" displayed="true">
          <android.widget.ListView index="0" package="com.ganji.android.haoche_c" class="android.widget.ListView" text="" checkable="false" checked="false" clickable="false" enabled="true" focusable="true" focused="true" long-clickable="false" password="false" scrollable="true" selected="false" bounds="[0,210][1080,2132]" displayed="true">
            <android.widget.RelativeLayout index="0" package="com.ganji.android.haoche_c" class="android.widget.RelativeLayout" text="" checkable="false" checked="false" clickable="false" enabled="true" focusable="false" focused="false" long-clickable="false" password="false" scrollable="false" selected="false" bounds="[0,210][1080,540]" displayed="true">
              <android.widget.TextView index="0" package="com.ganji.android.haoche_c" class="android.widget.TextView" text="推荐品牌" resource-id="com.ganji.android.haoche_c:id/tv_brand_hot" checkable="false" checked="false" clickable="false" enabled="true" focusable="false" focused="false" long-clickable="false" password="false" scrollable="false" selected="false" bounds="[0,210][1080,287]" displayed="true" />
              <android.widget.GridView index="1" package="com.ganji.android.haoche_c" class="android.widget.GridView" text="" resource-id="com.ganji.android.haoche_c:id/gv_brand" checkable="false" checked="false" clickable="false" enabled="true" focusable="true" focused="false" long-clickable="false" password="false" scrollable="false" selected="false" bounds="[0,287][1030,540]" displayed="true">
                <android.widget.FrameLayout index="0" package="com.ganji.android.haoche_c" class="android.widget.FrameLayout" text="" resource-id="com.ganji.android.haoche_c:id/rl_grid_item" checkable="false" checked="false" clickable="true" enabled="true" focusable="false" focused="false" long-clickable="false" password="false" scrollable="false" selected="false" bounds="[0,287][206,540]" displayed="true">
                  <android.widget.ImageView index="0" package="com.ganji.android.haoche_c" class="android.widget.ImageView" text="" resource-id="com.ganji.android.haoche_c:id/float_view" checkable="false" checked="false" clickable="true" enabled="true" focusable="true" focused="false" long-clickable="false" password="false" scrollable="false" selected="false" bounds="[0,287][206,540]" displayed="true" />
                  <android.widget.LinearLayout index="1" package="com.ganji.android.haoche_c" class="android.widget.LinearLayout" text="" resource-id="com.ganji.android.haoche_c:id/ll_grid_item" checkable="false" checked="false" clickable="false" enabled="true" focusable="false" focused="false" long-clickable="false" password="false" scrollable="false" selected="false" bounds="[0,287][206,540]" displayed="true">
                    <android.widget.ImageView index="0" package="com.ganji.android.haoche_c" class="android.widget.ImageView" text="" resource-id="com.ganji.android.haoche_c:id/iv_grid_item" checkable="false" checked="false" clickable="false" enabled="true" focusable="false" focused="false" long-clickable="false" password="false" scrollable="false" selected="false" bounds="[50,331][155,436]" displayed="true" />
                    <android.widget.TextView index="1" package="com.ganji.android.haoche_c" class="android.widget.TextView" text="本田" resource-id="com.ganji.android.haoche_c:id/tv_grid_item" checkable="false" checked="false" clickable="false" enabled="true" focusable="false" focused="false" long-clickable="false" password="false" scrollable="false" selected="false" bounds="[20,444][185,496]" displayed="true" />
                  </android.widget.LinearLayout>
                </android.widget.FrameLayout>
              </android.widget.GridView>
            </android.widget.RelativeLayout>
            <android.widget.RelativeLayout index="1" package="com.ganji.android.haoche_c" class="android.widget.RelativeLayout" text="" checkable="false" checked="false" clickable="false" enabled="true" focusable="false" focused="false" long-clickable="false" password="false" scrollable="false" selected="false" bounds="[0,540][1080,1123]" displayed="true">
              <android.widget.TextView index="0" package="com.ganji.android.haoche_c" class="android.widget.TextView" text="热门品牌" resource-id="com.ganji.android.haoche_c:id/tv_brand_hot" checkable="false" checked="false" clickable="false" enabled="true" focusable="false" focused="false" long-clickable="false" password="false" scrollable="false" selected="false" bounds="[0,540][1080,617]" displayed="true" />
              <android.widget.GridView index="1" package="com.ganji.android.haoche_c" class="android.widget.GridView" text="" resource-id="com.ganji.android.haoche_c:id/gv_brand" checkable="false" checked="false" clickable="false" enabled="true" focusable="true" focused="false" long-clickable="false" password="false" scrollable="false" selected="false" bounds="[0,617][1030,1123]" displayed="true">
                <android.widget.FrameLayout index="0" package="com.ganji.android.haoche_c" class="android.widget.FrameLayout" text="" resource-id="com.ganji.android.haoche_c:id/rl_grid_item" checkable="false" checked="false" clickable="true" enabled="true" focusable="false" focused="false" long-clickable="false" password="false" scrollable="false" selected="false" bounds="[0,617][206,870]" displayed="true">
                  <android.widget.ImageView index="0" package="com.ganji.android.haoche_c" class="android.widget.ImageView" text="" resource-id="com.ganji.android.haoche_c:id/float_view" checkable="false" checked="false" clickable="true" enabled="true" focusable="true" focused="false" long-clickable="false" password="false" scrollable="false" selected="false" bounds="[0,617][206,870]" displayed="true" />
                  <android.widget.LinearLayout index="1" package="com.ganji.android.haoche_c" class="android.widget.LinearLayout" text="" resource-id="com.ganji.android.haoche_c:id/ll_grid_item" checkable="false" checked="false" clickable="false" enabled="true" focusable="false" focused="false" long-clickable="false" password="false" scrollable="false" selected="false" bounds="[0,617][206,870]" displayed="true">
                    <android.widget.ImageView index="0" package="com.ganji.android.haoche_c" class="android.widget.ImageView" text="" resource-id="com.ganji.android.haoche_c:id/iv_grid_item" checkable="false" checked="false" clickable="false" enabled="true" focusable="false" focused="false" long-clickable="false" password="false" scrollable="false" selected="false" bounds="[50,661][155,766]" displayed="true" />
                    <android.widget.TextView index="1" package="com.ganji.android.haoche_c" class="android.widget.TextView" text="本田" resource-id="com.ganji.android.haoche_c:id/tv_grid_item" checkable="false" checked="false" clickable="false" enabled="true" focusable="false" focused="false" long-clickable="false" password="false" scrollable="false" selected="false" bounds="[20,774][185,826]" displayed="true" />
                  </android.widget.LinearLayout>
                </android.widget.FrameLayout>
                <android.widget.FrameLayout index="1" package="com.ganji.android.haoche_c" class="android.widget.FrameLayout" text="" resource-id="com.ganji.android.haoche_c:id/rl_grid_item" checkable="false" checked="false" clickable="true" enabled="true" focusable="false" focused="false" long-clickable="false" password="false" scrollable="false" selected="false" bounds="[206,617][412,870]" displayed="true">
                  <android.widget.ImageView index="0" package="com.ganji.android.haoche_c" class="android.widget.ImageView" text="" resource-id="com.ganji.android.haoche_c:id/float_view" checkable="false" checked="false" clickable="true" enabled="true" focusable="true" focused="false" long-clickable="false" password="false" scrollable="false" selected="false" bounds="[206,617][412,870]" displayed="true" />
                  <android.widget.LinearLayout index="1" package="com.ganji.android.haoche_c" class="android.widget.LinearLayout" text="" resource-id="com.ganji.android.haoche_c:id/ll_grid_item" checkable="false" checked="false" clickable="false" enabled="true" focusable="false" focused="false" long-clickable="false" password="false" scrollable="false" selected="false" bounds="[206,617][412,870]" displayed="true">
                    <android.widget.ImageView index="0" package="com.ganji.android.haoche_c" class="android.widget.ImageView" text="" resource-id="com.ganji.android.haoche_c:id/iv_grid_item" checkable="false" checked="false" clickable="false" enabled="true" focusable="false" focused="false" long-clickable="false" password="false" scrollable="false" selected="false" bounds="[256,661][361,766]" displayed="true" />
                    <android.widget.TextView index="1" package="com.ganji.android.haoche_c" class="android.widget.TextView" text="大众" resource-id="com.ganji.android.haoche_c:id/tv_grid_item" checkable="false" checked="false" clickable="false" enabled="true" focusable="false" focused="false" long-clickable="false" password="false" scrollable="false" selected="false" bounds="[226,774][391,826]" displayed="true" />
                  </android.widget.LinearLayout>
                </android.widget.FrameLayout>
                <android.widget.FrameLayout index="2" package="com.ganji.android.haoche_c" class="android.widget.FrameLayout" text="" resource-id="com.ganji.android.haoche_c:id/rl_grid_item" checkable="false" checked="false" clickable="true" enabled="true" focusable="false" focused="false" long-clickable="false" password="false" scrollable="false" selected="false" bounds="[412,617][618,870]" displayed="true">
                  <android.widget.ImageView index="0" package="com.ganji.android.haoche_c" class="android.widget.ImageView" text="" resource-id="com.ganji.android.haoche_c:id/float_view" checkable="false" checked="false" clickable="true" enabled="true" focusable="true" focused="false" long-clickable="false" password="false" scrollable="false" selected="false" bounds="[412,617][618,870]" displayed="true" />
                  <android.widget.LinearLayout index="1" package="com.ganji.android.haoche_c" class="android.widget.LinearLayout" text="" resource-id="com.ganji.android.haoche_c:id/ll_grid_item" checkable="false" checked="false" clickable="false" enabled="true" focusable="false" focused="false" long-clickable="false" password="false" scrollable="false" selected="false" bounds="[412,617][618,870]" displayed="true">
                    <android.widget.ImageView index="0" package="com.ganji.android.haoche_c" class="android.widget.ImageView" text="" resource-id="com.ganji.android.haoche_c:id/iv_grid_item" checkable="false" checked="false" clickable="false" enabled="true" focusable="false" focused="false" long-clickable="false" password="false" scrollable="false" selected="false" bounds="[462,661][567,766]" displayed="true" />
                    <android.widget.TextView index="1" package="com.ganji.android.haoche_c" class="android.widget.TextView" text="宝马" resource-id="com.ganji.android.haoche_c:id/tv_grid_item" checkable="false" checked="false" clickable="false" enabled="true" focusable="false" focused="false" long-clickable="false" password="false" scrollable="false" selected="false" bounds="[432,774][597,826]" displayed="true" />
                  </android.widget.LinearLayout>
                </android.widget.FrameLayout>
                <android.widget.FrameLayout index="3" package="com.ganji.android.haoche_c" class="android.widget.FrameLayout" text="" resource-id="com.ganji.android.haoche_c:id/rl_grid_item" checkable="false" checked="false" clickable="true" enabled="true" focusable="false" focused="false" long-clickable="false" password="false" scrollable="false" selected="false" bounds="[618,617][824,870]" displayed="true">
                  <android.widget.ImageView index="0" package="com.ganji.android.haoche_c" class="android.widget.ImageView" text="" resource-id="com.ganji.android.haoche_c:id/float_view" checkable="false" checked="false" clickable="true" enabled="true" focusable="true" focused="false" long-clickable="false" password="false" scrollable="false" selected="false" bounds="[618,617][824,870]" displayed="true" />
                  <android.widget.LinearLayout index="1" package="com.ganji.android.haoche_c" class="android.widget.LinearLayout" text="" resource-id="com.ganji.android.haoche_c:id/ll_grid_item" checkable="false" checked="false" clickable="false" enabled="true" focusable="false" focused="false" long-clickable="false" password="false" scrollable="false" selected="false" bounds="[618,617][824,870]" displayed="true">
                    <android.widget.ImageView index="0" package="com.ganji.android.haoche_c" class="android.widget.ImageView" text="" resource-id="com.ganji.android.haoche_c:id/iv_grid_item" checkable="false" checked="false" clickable="false" enabled="true" focusable="false" focused="false" long-clickable="false" password="false" scrollable="false" selected="false" bounds="[668,661][773,766]" displayed="true" />
                    <android.widget.TextView index="1" package="com.ganji.android.haoche_c" class="android.widget.TextView" text="奔驰" resource-id="com.ganji.android.haoche_c:id/tv_grid_item" checkable="false" checked="false" clickable="false" enabled="true" focusable="false" focused="false" long-clickable="false" password="false" scrollable="false" selected="false" bounds="[638,774][803,826]" displayed="true" />
                  </android.widget.LinearLayout>
                </android.widget.FrameLayout>
                <android.widget.FrameLayout index="4" package="com.ganji.android.haoche_c" class="android.widget.FrameLayout" text="" resource-id="com.ganji.android.haoche_c:id/rl_grid_item" checkable="false" checked="false" clickable="true" enabled="true" focusable="false" focused="false" long-clickable="false" password="false" scrollable="false" selected="false" bounds="[824,617][1030,870]" displayed="true">
                  <android.widget.ImageView index="0" package="com.ganji.android.haoche_c" class="android.widget.ImageView" text="" resource-id="com.ganji.android.haoche_c:id/float_view" checkable="false" checked="false" clickable="true" enabled="true" focusable="true" focused="false" long-clickable="false" password="false" scrollable="false" selected="false" bounds="[824,617][1030,870]" displayed="true" />
                  <android.widget.LinearLayout index="1" package="com.ganji.android.haoche_c" class="android.widget.LinearLayout" text="" resource-id="com.ganji.android.haoche_c:id/ll_grid_item" checkable="false" checked="false" clickable="false" enabled="true" focusable="false" focused="false" long-clickable="false" password="false" scrollable="false" selected="false" bounds="[824,617][1030,870]" displayed="true">
                    <android.widget.ImageView index="0" package="com.ganji.android.haoche_c" class="android.widget.ImageView" text="" resource-id="com.ganji.android.haoche_c:id/iv_grid_item" checkable="false" checked="false" clickable="false" enabled="true" focusable="false" focused="false" long-clickable="false" password="false" scrollable="false" selected="false" bounds="[874,661][979,766]" displayed="true" />
                    <android.widget.TextView index="1" package="com.ganji.android.haoche_c" class="android.widget.TextView" text="奥迪" resource-id="com.ganji.android.haoche_c:id/tv_grid_item" checkable="false" checked="false" clickable="false" enabled="true" focusable="false" focused="false" long-clickable="false" password="false" scrollable="false" selected="false" bounds="[844,774][1009,826]" displayed="true" />
                  </android.widget.LinearLayout>
                </android.widget.FrameLayout>
                <android.widget.FrameLayout index="5" package="com.ganji.android.haoche_c" class="android.widget.FrameLayout" text="" resource-id="com.ganji.android.haoche_c:id/rl_grid_item" checkable="false" checked="false" clickable="true" enabled="true" focusable="false" focused="false" long-clickable="false" password="false" scrollable="false" selected="false" bounds="[0,870][206,1123]" displayed="true">
                  <android.widget.ImageView index="0" package="com.ganji.android.haoche_c" class="android.widget.ImageView" text="" resource-id="com.ganji.android.haoche_c:id/float_view" checkable="false" checked="false" clickable="true" enabled="true" focusable="true" focused="false" long-clickable="false" password="false" scrollable="false" selected="false" bounds="[0,870][206,1123]" displayed="true" />
                  <android.widget.LinearLayout index="1" package="com.ganji.android.haoche_c" class="android.widget.LinearLayout" text="" resource-id="com.ganji.android.haoche_c:id/ll_grid_item" checkable="false" checked="false" clickable="false" enabled="true" focusable="false" focused="false" long-clickable="false" password="false" scrollable="false" selected="false" bounds="[0,870][206,1123]" displayed="true">
                    <android.widget.ImageView index="0" package="com.ganji.android.haoche_c" class="android.widget.ImageView" text="" resource-id="com.ganji.android.haoche_c:id/iv_grid_item" checkable="false" checked="false" clickable="false" enabled="true" focusable="false" focused="false" long-clickable="false" password="false" scrollable="false" selected="false" bounds="[50,914][155,1019]" displayed="true" />
                    <android.widget.TextView index="1" package="com.ganji.android.haoche_c" class="android.widget.TextView" text="丰田" resource-id="com.ganji.android.haoche_c:id/tv_grid_item" checkable="false" checked="false" clickable="false" enabled="true" focusable="false" focused="false" long-clickable="false" password="false" scrollable="false" selected="false" bounds="[20,1027][185,1079]" displayed="true" />
                  </android.widget.LinearLayout>
                </android.widget.FrameLayout>
                <android.widget.FrameLayout index="6" package="com.ganji.android.haoche_c" class="android.widget.FrameLayout" text="" resource-id="com.ganji.android.haoche_c:id/rl_grid_item" checkable="false" checked="false" clickable="true" enabled="true" focusable="false" focused="false" long-clickable="false" password="false" scrollable="false" selected="false" bounds="[206,870][412,1123]" displayed="true">
                  <android.widget.ImageView index="0" package="com.ganji.android.haoche_c" class="android.widget.ImageView" text="" resource-id="com.ganji.android.haoche_c:id/float_view" checkable="false" checked="false" clickable="true" enabled="true" focusable="true" focused="false" long-clickable="false" password="false" scrollable="false" selected="false" bounds="[206,870][412,1123]" displayed="true" />
                  <android.widget.LinearLayout index="1" package="com.ganji.android.haoche_c" class="android.widget.LinearLayout" text="" resource-id="com.ganji.android.haoche_c:id/ll_grid_item" checkable="false" checked="false" clickable="false" enabled="true" focusable="false" focused="false" long-clickable="false" password="false" scrollable="false" selected="false" bounds="[206,870][412,1123]" displayed="true">
                    <android.widget.ImageView index="0" package="com.ganji.android.haoche_c" class="android.widget.ImageView" text="" resource-id="com.ganji.android.haoche_c:id/iv_grid_item" checkable="false" checked="false" clickable="false" enabled="true" focusable="false" focused="false" long-clickable="false" password="false" scrollable="false" selected="false" bounds="[256,914][361,1019]" displayed="true" />
                    <android.widget.TextView index="1" package="com.ganji.android.haoche_c" class="android.widget.TextView" text="日产" resource-id="com.ganji.android.haoche_c:id/tv_grid_item" checkable="false" checked="false" clickable="false" enabled="true" focusable="false" focused="false" long-clickable="false" password="false" scrollable="false" selected="false" bounds="[226,1027][391,1079]" displayed="true" />
                  </android.widget.LinearLayout>
                </android.widget.FrameLayout>
                <android.widget.FrameLayout index="7" package="com.ganji.android.haoche_c" class="android.widget.FrameLayout" text="" resource-id="com.ganji.android.haoche_c:id/rl_grid_item" checkable="false" checked="false" clickable="true" enabled="true" focusable="false" focused="false" long-clickable="false" password="false" scrollable="false" selected="false" bounds="[412,870][618,1123]" displayed="true">
                  <android.widget.ImageView index="0" package="com.ganji.android.haoche_c" class="android.widget.ImageView" text="" resource-id="com.ganji.android.haoche_c:id/float_view" checkable="false" checked="false" clickable="true" enabled="true" focusable="true" focused="false" long-clickable="false" password="false" scrollable="false" selected="false" bounds="[412,870][618,1123]" displayed="true" />
                  <android.widget.LinearLayout index="1" package="com.ganji.android.haoche_c" class="android.widget.LinearLayout" text="" resource-id="com.ganji.android.haoche_c:id/ll_grid_item" checkable="false" checked="false" clickable="false" enabled="true" focusable="false" focused="false" long-clickable="false" password="false" scrollable="false" selected="false" bounds="[412,870][618,1123]" displayed="true">
                    <android.widget.ImageView index="0" package="com.ganji.android.haoche_c" class="android.widget.ImageView" text="" resource-id="com.ganji.android.haoche_c:id/iv_grid_item" checkable="false" checked="false" clickable="false" enabled="true" focusable="false" focused="false" long-clickable="false" password="false" scrollable="false" selected="false" bounds="[462,914][567,1019]" displayed="true" />
                    <android.widget.TextView index="1" package="com.ganji.android.haoche_c" class="android.widget.TextView" text="别克" resource-id="com.ganji.android.haoche_c:id/tv_grid_item" checkable="false" checked="false" clickable="false" enabled="true" focusable="false" focused="false" long-clickable="false" password="false" scrollable="false" selected="false" bounds="[432,1027][597,1079]" displayed="true" />
                  </android.widget.LinearLayout>
                </android.widget.FrameLayout>
                <android.widget.FrameLayout index="8" package="com.ganji.android.haoche_c" class="android.widget.FrameLayout" text="" resource-id="com.ganji.android.haoche_c:id/rl_grid_item" checkable="false" checked="false" clickable="true" enabled="true" focusable="false" focused="false" long-clickable="false" password="false" scrollable="false" selected="false" bounds="[618,870][824,1123]" displayed="true">
                  <android.widget.ImageView index="0" package="com.ganji.android.haoche_c" class="android.widget.ImageView" text="" resource-id="com.ganji.android.haoche_c:id/float_view" checkable="false" checked="false" clickable="true" enabled="true" focusable="true" focused="false" long-clickable="false" password="false" scrollable="false" selected="false" bounds="[618,870][824,1123]" displayed="true" />
                  <android.widget.LinearLayout index="1" package="com.ganji.android.haoche_c" class="android.widget.LinearLayout" text="" resource-id="com.ganji.android.haoche_c:id/ll_grid_item" checkable="false" checked="false" clickable="false" enabled="true" focusable="false" focused="false" long-clickable="false" password="false" scrollable="false" selected="false" bounds="[618,870][824,1123]" displayed="true">
                    <android.widget.ImageView index="0" package="com.ganji.android.haoche_c" class="android.widget.ImageView" text="" resource-id="com.ganji.android.haoche_c:id/iv_grid_item" checkable="false" checked="false" clickable="false" enabled="true" focusable="false" focused="false" long-clickable="false" password="false" scrollable="false" selected="false" bounds="[668,914][773,1019]" displayed="true" />
                    <android.widget.TextView index="1" package="com.ganji.android.haoche_c" class="android.widget.TextView" text="福特" resource-id="com.ganji.android.haoche_c:id/tv_grid_item" checkable="false" checked="false" clickable="false" enabled="true" focusable="false" focused="false" long-clickable="false" password="false" scrollable="false" selected="false" bounds="[638,1027][803,1079]" displayed="true" />
                  </android.widget.LinearLayout>
                </android.widget.FrameLayout>
                <android.widget.FrameLayout index="9" package="com.ganji.android.haoche_c" class="android.widget.FrameLayout" text="" resource-id="com.ganji.android.haoche_c:id/rl_grid_item" checkable="false" checked="false" clickable="true" enabled="true" focusable="false" focused="false" long-clickable="false" password="false" scrollable="false" selected="false" bounds="[824,870][1030,1123]" displayed="true">
                  <android.widget.ImageView index="0" package="com.ganji.android.haoche_c" class="android.widget.ImageView" text="" resource-id="com.ganji.android.haoche_c:id/float_view" checkable="false" checked="false" clickable="true" enabled="true" focusable="true" focused="false" long-clickable="false" password="false" scrollable="false" selected="false" bounds="[824,870][1030,1123]" displayed="true" />
                  <android.widget.LinearLayout index="1" package="com.ganji.android.haoche_c" class="android.widget.LinearLayout" text="" resource-id="com.ganji.android.haoche_c:id/ll_grid_item" checkable="false" checked="false" clickable="false" enabled="true" focusable="false" focused="false" long-clickable="false" password="false" scrollable="false" selected="false" bounds="[824,870][1030,1123]" displayed="true">
                    <android.widget.ImageView index="0" package="com.ganji.android.haoche_c" class="android.widget.ImageView" text="" resource-id="com.ganji.android.haoche_c:id/iv_grid_item" checkable="false" checked="false" clickable="false" enabled="true" focusable="false" focused="false" long-clickable="false" password="false" scrollable="false" selected="false" bounds="[874,914][979,1019]" displayed="true" />
                    <android.widget.TextView index="1" package="com.ganji.android.haoche_c" class="android.widget.TextView" text="现代" resource-id="com.ganji.android.haoche_c:id/tv_grid_item" checkable="false" checked="false" clickable="false" enabled="true" focusable="false" focused="false" long-clickable="false" password="false" scrollable="false" selected="false" bounds="[844,1027][1009,1079]" displayed="true" />
                  </android.widget.LinearLayout>
                </android.widget.FrameLayout>
              </android.widget.GridView>
            </android.widget.RelativeLayout>
            <android.widget.RelativeLayout index="2" package="com.ganji.android.haoche_c" class="android.widget.RelativeLayout" text="" checkable="false" checked="false" clickable="true" enabled="true" focusable="false" focused="false" long-clickable="false" password="false" scrollable="false" selected="false" bounds="[0,1123][1080,1341]" displayed="true">
              <android.widget.TextView index="0" package="com.ganji.android.haoche_c" class="android.widget.TextView" text="*" resource-id="com.ganji.android.haoche_c:id/view_mid" checkable="false" checked="false" clickable="false" enabled="true" focusable="false" focused="false" long-clickable="false" password="false" scrollable="false" selected="false" bounds="[0,1123][1080,1178]" displayed="true" />
              <android.widget.TextView index="1" package="com.ganji.android.haoche_c" class="android.widget.TextView" text="不限品牌" resource-id="com.ganji.android.haoche_c:id/tv_brand_hot_all" checkable="false" checked="false" clickable="true" enabled="true" focusable="true" focused="false" long-clickable="false" password="false" scrollable="false" selected="false" bounds="[0,1178][1080,1341]" displayed="true" />
            </android.widget.RelativeLayout>
            <android.view.ViewGroup index="3" package="com.ganji.android.haoche_c" class="android.view.ViewGroup" text="" checkable="false" checked="false" clickable="true" enabled="true" focusable="false" focused="false" long-clickable="false" password="false" scrollable="false" selected="false" bounds="[0,1341][1080,1572]" displayed="true">
              <android.widget.RelativeLayout index="0" package="com.ganji.android.haoche_c" class="android.widget.RelativeLayout" text="" checkable="false" checked="false" clickable="true" enabled="true" focusable="true" focused="false" long-clickable="false" password="false" scrollable="false" selected="false" bounds="[0,1341][1080,1403]" displayed="true">
                <android.widget.TextView index="1" package="com.ganji.android.haoche_c" class="android.widget.TextView" text="A" resource-id="com.ganji.android.haoche_c:id/text1" checkable="false" checked="false" clickable="false" enabled="true" focusable="false" focused="false" long-clickable="false" password="false" scrollable="false" selected="false" bounds="[0,1341][1080,1403]" displayed="true" />
              </android.widget.RelativeLayout>
              <android.widget.RelativeLayout index="1" package="com.ganji.android.haoche_c" class="android.widget.RelativeLayout" text="" checkable="false" checked="false" clickable="true" enabled="true" focusable="true" focused="false" long-clickable="false" password="false" scrollable="false" selected="false" bounds="[0,1403][1080,1572]" displayed="true">
                <android.widget.ImageView index="0" package="com.ganji.android.haoche_c" class="android.widget.ImageView" text="" resource-id="com.ganji.android.haoche_c:id/image" checkable="false" checked="false" clickable="false" enabled="true" focusable="false" focused="false" long-clickable="false" password="false" scrollable="false" selected="false" bounds="[47,1435][152,1540]" displayed="true" />
                <android.widget.TextView index="1" package="com.ganji.android.haoche_c" class="android.widget.TextView" text="奥迪" resource-id="com.ganji.android.haoche_c:id/text" checkable="false" checked="false" clickable="false" enabled="true" focusable="false" focused="false" long-clickable="false" password="false" scrollable="false" selected="false" bounds="[152,1403][1080,1572]" displayed="true" />
                <android.widget.ImageView index="2" package="com.ganji.android.haoche_c" class="android.widget.ImageView" text="" checkable="false" checked="false" clickable="false" enabled="true" focusable="false" focused="false" long-clickable="false" password="false" scrollable="false" selected="false" bounds="[198,1571][1080,1572]" displayed="true" />
              </android.widget.RelativeLayout>
            </android.view.ViewGroup>
            <android.view.ViewGroup index="4" package="com.ganji.android.haoche_c" class="android.view.ViewGroup" text="" checkable="false" checked="false" clickable="true" enabled="true" focusable="false" focused="false" long-clickable="false" password="false" scrollable="false" selected="false" bounds="[0,1572][1080,1741]" displayed="true">
              <android.widget.RelativeLayout index="0" package="com.ganji.android.haoche_c" class="android.widget.RelativeLayout" text="" checkable="false" checked="false" clickable="true" enabled="true" focusable="true" focused="false" long-clickable="false" password="false" scrollable="false" selected="false" bounds="[0,1572][1080,1741]" displayed="true">
                <android.widget.ImageView index="0" package="com.ganji.android.haoche_c" class="android.widget.ImageView" text="" resource-id="com.ganji.android.haoche_c:id/image" checkable="false" checked="false" clickable="false" enabled="true" focusable="false" focused="false" long-clickable="false" password="false" scrollable="false" selected="false" bounds="[47,1604][152,1709]" displayed="true" />
                <android.widget.TextView index="1" package="com.ganji.android.haoche_c" class="android.widget.TextView" text="阿尔法·罗密欧" resource-id="com.ganji.android.haoche_c:id/text" checkable="false" checked="false" clickable="false" enabled="true" focusable="false" focused="false" long-clickable="false" password="false" scrollable="false" selected="false" bounds="[152,1572][1080,1741]" displayed="true" />
                <android.widget.ImageView index="2" package="com.ganji.android.haoche_c" class="android.widget.ImageView" text="" checkable="false" checked="false" clickable="false" enabled="true" focusable="false" focused="false" long-clickable="false" password="false" scrollable="false" selected="false" bounds="[198,1740][1080,1741]" displayed="true" />
              </android.widget.RelativeLayout>
            </android.view.ViewGroup>
            <android.view.ViewGroup index="5" package="com.ganji.android.haoche_c" class="android.view.ViewGroup" text="" checkable="false" checked="false" clickable="true" enabled="true" focusable="false" focused="false" long-clickable="false" password="false" scrollable="false" selected="false" bounds="[0,1741][1080,1910]" displayed="true">
              <android.widget.RelativeLayout index="0" package="com.ganji.android.haoche_c" class="android.widget.RelativeLayout" text="" checkable="false" checked="false" clickable="true" enabled="true" focusable="true" focused="false" long-clickable="false" password="false" scrollable="false" selected="false" bounds="[0,1741][1080,1910]" displayed="true">
                <android.widget.ImageView index="0" package="com.ganji.android.haoche_c" class="android.widget.ImageView" text="" resource-id="com.ganji.android.haoche_c:id/image" checkable="false" checked="false" clickable="false" enabled="true" focusable="false" focused="false" long-clickable="false" password="false" scrollable="false" selected="false" bounds="[47,1773][152,1878]" displayed="true" />
                <android.widget.TextView index="1" package="com.ganji.android.haoche_c" class="android.widget.TextView" text="爱驰" resource-id="com.ganji.android.haoche_c:id/text" checkable="false" checked="false" clickable="false" enabled="true" focusable="false" focused="false" long-clickable="false" password="false" scrollable="false" selected="false" bounds="[152,1741][1080,1910]" displayed="true" />
                <android.widget.ImageView index="2" package="com.ganji.android.haoche_c" class="android.widget.ImageView" text="" checkable="false" checked="false" clickable="false" enabled="true" focusable="false" focused="false" long-clickable="false" password="false" scrollable="false" selected="false" bounds="[198,1909][1080,1910]" displayed="true" />
              </android.widget.RelativeLayout>
            </android.view.ViewGroup>
            <android.view.ViewGroup index="6" package="com.ganji.android.haoche_c" class="android.view.ViewGroup" text="" checkable="false" checked="false" clickable="true" enabled="true" focusable="false" focused="false" long-clickable="false" password="false" scrollable="false" selected="false" bounds="[0,1910][1080,2079]" displayed="true">
              <android.widget.RelativeLayout index="0" package="com.ganji.android.haoche_c" class="android.widget.RelativeLayout" text="" checkable="false" checked="false" clickable="true" enabled="true" focusable="true" focused="false" long-clickable="false" password="false" scrollable="false" selected="false" bounds="[0,1910][1080,2079]" displayed="true">
                <android.widget.ImageView index="0" package="com.ganji.android.haoche_c" class="android.widget.ImageView" text="" resource-id="com.ganji.android.haoche_c:id/image" checkable="false" checked="false" clickable="false" enabled="true" focusable="false" focused="false" long-clickable="false" password="false" scrollable="false" selected="false" bounds="[47,1942][152,2047]" displayed="true" />
                <android.widget.TextView index="1" package="com.ganji.android.haoche_c" class="android.widget.TextView" text="阿斯顿·马丁" resource-id="com.ganji.android.haoche_c:id/text" checkable="false" checked="false" clickable="false" enabled="true" focusable="false" focused="false" long-clickable="false" password="false" scrollable="false" selected="false" bounds="[152,1910][1080,2079]" displayed="true" />
                <android.widget.ImageView index="2" package="com.ganji.android.haoche_c" class="android.widget.ImageView" text="" checkable="false" checked="false" clickable="false" enabled="true" focusable="false" focused="false" long-clickable="false" password="false" scrollable="false" selected="false" bounds="[198,2078][1080,2079]" displayed="true" />
              </android.widget.RelativeLayout>
            </android.view.ViewGroup>
            <android.view.ViewGroup index="7" package="com.ganji.android.haoche_c" class="android.view.ViewGroup" text="" checkable="false" checked="false" clickable="true" enabled="true" focusable="false" focused="false" long-clickable="false" password="false" scrollable="false" selected="false" bounds="[0,2079][1080,2132]" displayed="true">
              <android.widget.RelativeLayout index="0" package="com.ganji.android.haoche_c" class="android.widget.RelativeLayout" text="" checkable="false" checked="false" clickable="true" enabled="true" focusable="true" focused="false" long-clickable="false" password="false" scrollable="false" selected="false" bounds="[0,2079][1080,2132]" displayed="true">
                <android.widget.ImageView index="0" package="com.ganji.android.haoche_c" class="android.widget.ImageView" text="" resource-id="com.ganji.android.haoche_c:id/image" checkable="false" checked="false" clickable="false" enabled="true" focusable="false" focused="false" long-clickable="false" password="false" scrollable="false" selected="false" bounds="[47,2111][152,2132]" displayed="true" />
                <android.widget.TextView index="1" package="com.ganji.android.haoche_c" class="android.widget.TextView" text="安驰" resource-id="com.ganji.android.haoche_c:id/text" checkable="false" checked="false" clickable="false" enabled="true" focusable="false" focused="false" long-clickable="false" password="false" scrollable="false" selected="false" bounds="[152,2079][1080,2132]" displayed="true" />
              </android.widget.RelativeLayout>
            </android.view.ViewGroup>
          </android.widget.ListView>
        </android.widget.FrameLayout>
        <android.view.View index="2" package="com.ganji.android.haoche_c" class="android.view.View" text="" resource-id="com.ganji.android.haoche_c:id/sidebar" checkable="false" checked="false" clickable="false" enabled="true" focusable="false" focused="false" long-clickable="false" password="false" scrollable="false" selected="false" bounds="[1003,326][1080,2045]" displayed="true" />
      </android.widget.RelativeLayout>
    </android.widget.FrameLayout>
  </android.widget.FrameLayout>
</hierarchy>